<?xml version="1.0" encoding="UTF-8"?>
<Site BuildName="Linux-c++"
	BuildStamp="20260718-1248-Experimental"
	Name="Ubuntu"
	Generator="ctest-3.28.3"
	CompilerName="/usr/bin/c++"
	CompilerVersion="13.3.0"
	OSName="Linux"
	Hostname="Ubuntu"
	OSRelease="6.17.0-29-generic"
	OSVersion="#29~24.04.1-Ubuntu SMP PREEMPT_DYNAMIC Mon May 11 10:30:58 UTC 2"
	OSPlatform="x86_64"
	Is64Bits="1"
	VendorString="GenuineIntel"
	VendorID="Intel Corporation"
	FamilyID="6"
	ModelID="154"
	ProcessorCacheSize="24576"
	NumberOfLogicalCPU="4"
	NumberOfPhysicalCPU="4"
	TotalVirtualMemory="0"
	TotalPhysicalMemory="7940"
	LogicalProcessorsPerPhysical="1"
	ProcessorClockFrequency="2688.01"
	>
	<Testing>
		<StartDateTime>Jul 18 12:50 UTC</StartDateTime>
		<StartTestTime>1784379011</StartTestTime>
		<TestList/>
		<EndDateTime>Jul 18 12:50 UTC</EndDateTime>
		<EndTestTime>1784379011</EndTestTime>
		<ElapsedMinutes>0</ElapsedMinutes>
	</Testing>
</Site>
